<?xml version="1.0" encoding="UTF-8"?>
<!-- Generated by org.testng.reporters.JUnitReportReporter -->
<testsuite skipped="0" hostname="RashmiP2-MSD1" name="restassuredTests.Demo1_GET_Request" tests="1" failures="0" timestamp="2020-04-26T14:58:32 IST" time="2.988" errors="0">
  <testcase name="getWeatherDetails" time="2.988" classname="restassuredTests.Demo1_GET_Request"/>
  <system-out/>
</testsuite> <!-- restassuredTests.Demo1_GET_Request -->
