<?xml version="1.0" encoding="UTF-8"?>
<!-- Generated by org.testng.reporters.JUnitReportReporter -->
<testsuite skipped="0" hostname="RashmiP2-MSD1" name="restassuredTests.Demo4_DELETE_Request" tests="1" failures="0" timestamp="2020-04-28T18:48:30 IST" time="2.495" errors="0">
  <testcase name="deleteUser" time="2.495" classname="restassuredTests.Demo4_DELETE_Request"/>
  <system-out/>
</testsuite> <!-- restassuredTests.Demo4_DELETE_Request -->
