<?xml version="1.0" encoding="UTF-8"?>
<!-- Generated by org.testng.reporters.JUnitReportReporter -->
<testsuite skipped="0" hostname="RashmiP2-MSD1" name="restassuredTests.Demo2_POST_Request" tests="1" failures="0" timestamp="2020-04-26T15:19:56 IST" time="3.387" errors="0">
  <testcase name="postUser" time="3.387" classname="restassuredTests.Demo2_POST_Request"/>
  <system-out/>
</testsuite> <!-- restassuredTests.Demo2_POST_Request -->
