<?xml version="1.0" encoding="UTF-8"?>
<!-- Generated by org.testng.reporters.JUnitReportReporter -->
<testsuite skipped="0" hostname="RashmiP2-MSD1" name="restassuredTests.Demo3_PUT_Request" tests="1" failures="0" timestamp="2020-04-28T18:01:36 IST" time="3.087" errors="0">
  <testcase name="postUser" time="3.087" classname="restassuredTests.Demo3_PUT_Request"/>
  <system-out/>
</testsuite> <!-- restassuredTests.Demo3_PUT_Request -->
